%!Adobe-FontList 1.20
%Locale:0x409

%BeginFont
Handler:DirectoryHandler
FontType:Invalid
OutlineFileName:/Users/nour/Desktop/Experts Med/EXperts med  Folder/Document fonts/AdobeFnt21.lst
FileLength:3061
FileModTime:726707765
%EndFont

%BeginFont
Handler:DirectoryHandler
FontType:Invalid
OutlineFileName:/Users/nour/Desktop/Experts Med/EXperts med  Folder/Document fonts/AdobeFnt23.lst
FileLength:3198
FileModTime:-662781600
%EndFont

%BeginFont
Handler:DirectoryHandler
FontType:Type1
FontName:Poppins-Light
FamilyName:Poppins
StyleName:Light
MenuName:Poppins Light
StyleBits:0
WeightClass:300
WidthClass:5
AngleClass:0
FullName:Poppins Light
WritingScript:Roman
OutlineFileName:/Users/nour/Desktop/Experts Med/EXperts med  Folder/Document fonts/Poppins-Light.otf
DataFormat:sfntData
UsesStandardEncoding:yes
isCFF:yes
hasSVG:no
VariableFontType:NonVariableFont
FileLength:95240
FileModTime:-662781600
NameArray:0,Win,1,Poppins Light
NameArray:0,Win,16,Poppins
%EndFont

%BeginFont
Handler:DirectoryHandler
FontType:Type1
FontName:MinionPro-Regular
FamilyName:Minion Pro
StyleName:Regular
MenuName:Minion Pro
StyleBits:0
WeightClass:400
WidthClass:5
AngleClass:0
FullName:Minion Pro
WritingScript:Roman
OutlineFileName:/Users/nour/Desktop/Experts Med/EXperts med  Folder/Document fonts/MinionPro-Regular.otf
DataFormat:sfntData
UsesStandardEncoding:yes
isCFF:yes
hasSVG:no
VariableFontType:NonVariableFont
FileLength:218640
FileModTime:-662781600
DesignSize:110
NameArray:0,Mac,4,Minion Pro
NameArray:0,Win,1,Minion Pro
%EndFont

%BeginFont
Handler:DirectoryHandler
FontType:Type1
FontName:Poppins-Bold
FamilyName:Poppins
StyleName:Bold
MenuName:Poppins
StyleBits:2
WeightClass:700
WidthClass:5
AngleClass:0
FullName:Poppins Bold
WritingScript:Roman
OutlineFileName:/Users/nour/Desktop/Experts Med/EXperts med  Folder/Document fonts/Poppins-Bold.otf
DataFormat:sfntData
UsesStandardEncoding:yes
isCFF:yes
hasSVG:no
VariableFontType:NonVariableFont
FileLength:95496
FileModTime:-662781600
NameArray:0,Win,1,Poppins
%EndFont

%BeginFont
Handler:DirectoryHandler
FontType:Type1
FontName:Poppins-Black
FamilyName:Poppins
StyleName:Black
MenuName:Poppins Black
StyleBits:0
WeightClass:900
WidthClass:5
AngleClass:0
FullName:Poppins Black
WritingScript:Roman
OutlineFileName:/Users/nour/Desktop/Experts Med/EXperts med  Folder/Document fonts/Poppins-Black.otf
DataFormat:sfntData
UsesStandardEncoding:yes
isCFF:yes
hasSVG:no
VariableFontType:NonVariableFont
FileLength:93564
FileModTime:-662781600
NameArray:0,Win,1,Poppins Black
NameArray:0,Win,16,Poppins
%EndFont

%BeginFont
Handler:DirectoryHandler
FontType:Type1
FontName:Poppins-Regular
FamilyName:Poppins
StyleName:Regular
MenuName:Poppins
StyleBits:0
WeightClass:400
WidthClass:5
AngleClass:0
FullName:Poppins
WritingScript:Roman
OutlineFileName:/Users/nour/Desktop/Experts Med/EXperts med  Folder/Document fonts/Poppins-Regular.otf
DataFormat:sfntData
UsesStandardEncoding:yes
isCFF:yes
hasSVG:no
VariableFontType:NonVariableFont
FileLength:95176
FileModTime:-662781600
NameArray:0,Win,1,Poppins
%EndFont

